<?xml version="1.0" encoding="UTF-8"?>
<testsuite xmlns:xsi="http://www.w3.org/2001/XMLSchema-instance" xsi:noNamespaceSchemaLocation="https://maven.apache.org/surefire/maven-surefire-plugin/xsd/surefire-test-report-3.0.xsd" version="3.0" name="com.runner.runner" time="26.43" tests="8" errors="0" skipped="0" failures="0">
  <properties>
[...]
</properties>
  <testcase name="Given user is  on homepage" classname="Scenario: update resume" time="0.006">
    <system-out><![CDATA[@tag
Feature: Title of your feature
  I want to use this template for my feature file
]]></system-out>
    <system-err><![CDATA[Starting ChromeDriver 101.0.4951.41 (93c720db8323b3ec10d056025ab95c23a31997c9-refs/branch-heads/4951@{#904}) on port 19908
Only local connections are allowed.
Please see https://chromedriver.chromium.org/security-considerations for suggestions on keeping ChromeDriver safe.
ChromeDriver was started successfully.
[1654080419.071][WARNING]: This version of ChromeDriver has not been tested with Chrome version 102.
Jun 01, 2022 4:16:59 PM org.openqa.selenium.remote.ProtocolHandshake createSession
INFO: Detected dialect: W3C
]]></system-err>
  </testcase>
  <testcase name="When user navigates to Login Page" classname="Scenario: update resume" time="0"/>
  <testcase name="And user enters username and Password" classname="Scenario: update resume" time="0"/>
  <testcase name="Then success message is displayed" classname="Scenario: update resume" time="0"/>
  <testcase name="Then click on my naukri" classname="Scenario: update resume" time="0">
    <system-out><![CDATA[
  Background: user is login               &amp#27;[90m# src/test/resources/FeaturesFiles/resumeupdate.feature:5&amp#27;[0m
    &amp#27;[32mGiven &amp#27;[0m&amp#27;[32muser is  on homepage&amp#27;[0m            &amp#27;[90m# naukariloin.user_is_on_homepage()&amp#27;[0m
    &amp#27;[32mWhen &amp#27;[0m&amp#27;[32muser navigates to Login Page&amp#27;[0m     &amp#27;[90m# naukariloin.user_navigates_to_Login_Page()&amp#27;[0m
    &amp#27;[32mAnd &amp#27;[0m&amp#27;[32muser enters username and Password&amp#27;[0m &amp#27;[90m# naukariloin.user_enters_username_and_Password()&amp#27;[0m
    &amp#27;[32mThen &amp#27;[0m&amp#27;[32msuccess message is displayed&amp#27;[0m     &amp#27;[90m# naukariloin.success_message_is_displayed()&amp#27;[0m
]]></system-out>
  </testcase>
  <testcase name="And click on edit profile" classname="Scenario: update resume" time="0"/>
  <testcase name="Then click on update resume" classname="Scenario: update resume" time="0.001"/>
  <testcase name="" classname="Scenario: update resume" time="0.001"/>
</testsuite>